<?xml version="1.0" encoding="UTF-8"?>
<coverage generated="1708701032748" clover="3.2.0">
  <project timestamp="1708701032748" name="All files">
    <metrics statements="32" coveredstatements="23" conditionals="16" coveredconditionals="4" methods="6" coveredmethods="6" elements="54" coveredelements="33" complexity="0" loc="32" ncloc="32" packages="1" files="1" classes="1"/>
    <file name="apiClients.js" path="/Users/matiiu/Code_Projects/crm-react/src/api/apiClients.js">
      <metrics statements="32" coveredstatements="23" conditionals="16" coveredconditionals="4" methods="6" coveredmethods="6"/>
      <line num="2" count="1" type="stmt"/>
      <line num="3" count="1" type="stmt"/>
      <line num="5" count="1" type="cond" truecount="1" falsecount="1"/>
      <line num="6" count="0" type="stmt"/>
      <line num="7" count="0" type="stmt"/>
      <line num="9" count="1" type="stmt"/>
      <line num="10" count="1" type="stmt"/>
      <line num="12" count="0" type="cond" truecount="0" falsecount="2"/>
      <line num="17" count="1" type="stmt"/>
      <line num="18" count="1" type="stmt"/>
      <line num="20" count="1" type="cond" truecount="1" falsecount="1"/>
      <line num="21" count="0" type="stmt"/>
      <line num="22" count="0" type="stmt"/>
      <line num="24" count="1" type="stmt"/>
      <line num="25" count="1" type="stmt"/>
      <line num="27" count="0" type="cond" truecount="0" falsecount="2"/>
      <line num="32" count="1" type="stmt"/>
      <line num="33" count="1" type="stmt"/>
      <line num="34" count="1" type="stmt"/>
      <line num="41" count="1" type="stmt"/>
      <line num="43" count="0" type="cond" truecount="0" falsecount="2"/>
      <line num="48" count="1" type="stmt"/>
      <line num="49" count="1" type="stmt"/>
      <line num="56" count="1" type="stmt"/>
      <line num="58" count="0" type="cond" truecount="0" falsecount="2"/>
      <line num="63" count="1" type="stmt"/>
      <line num="64" count="1" type="stmt"/>
      <line num="65" count="1" type="stmt"/>
      <line num="68" count="1" type="stmt"/>
      <line num="69" count="1" type="stmt"/>
      <line num="71" count="0" type="cond" truecount="0" falsecount="2"/>
      <line num="80" count="3" type="cond" truecount="2" falsecount="0"/>
    </file>
  </project>
</coverage>
