{"/Users/matiiu/Code_Projects/crm-react/src/api/apiClients.js": {"path":"/Users/matiiu/Code_Projects/crm-react/src/api/apiClients.js","statementMap":{"0":{"start":{"line":2,"column":2},"end":{"line":13,"column":3}},"1":{"start":{"line":3,"column":21},"end":{"line":3,"column":66}},"2":{"start":{"line":5,"column":4},"end":{"line":8,"column":5}},"3":{"start":{"line":6,"column":6},"end":{"line":6,"column":81}},"4":{"start":{"line":7,"column":6},"end":{"line":7,"column":51}},"5":{"start":{"line":9,"column":19},"end":{"line":9,"column":40}},"6":{"start":{"line":10,"column":4},"end":{"line":10,"column":18}},"7":{"start":{"line":12,"column":4},"end":{"line":12,"column":43}},"8":{"start":{"line":17,"column":2},"end":{"line":28,"column":3}},"9":{"start":{"line":18,"column":21},"end":{"line":18,"column":72}},"10":{"start":{"line":20,"column":4},"end":{"line":23,"column":5}},"11":{"start":{"line":21,"column":6},"end":{"line":21,"column":81}},"12":{"start":{"line":22,"column":6},"end":{"line":22,"column":51}},"13":{"start":{"line":24,"column":19},"end":{"line":24,"column":40}},"14":{"start":{"line":25,"column":4},"end":{"line":25,"column":18}},"15":{"start":{"line":27,"column":4},"end":{"line":27,"column":43}},"16":{"start":{"line":32,"column":22},"end":{"line":32,"column":99}},"17":{"start":{"line":33,"column":2},"end":{"line":44,"column":3}},"18":{"start":{"line":34,"column":21},"end":{"line":40,"column":7}},"19":{"start":{"line":41,"column":5},"end":{"line":41,"column":27}},"20":{"start":{"line":43,"column":4},"end":{"line":43,"column":43}},"21":{"start":{"line":48,"column":2},"end":{"line":59,"column":3}},"22":{"start":{"line":49,"column":21},"end":{"line":55,"column":7}},"23":{"start":{"line":56,"column":5},"end":{"line":56,"column":27}},"24":{"start":{"line":58,"column":4},"end":{"line":58,"column":43}},"25":{"start":{"line":63,"column":22},"end":{"line":63,"column":87}},"26":{"start":{"line":64,"column":2},"end":{"line":72,"column":3}},"27":{"start":{"line":65,"column":21},"end":{"line":67,"column":7}},"28":{"start":{"line":68,"column":5},"end":{"line":68,"column":27}},"29":{"start":{"line":69,"column":24},"end":{"line":69,"column":82}},"30":{"start":{"line":71,"column":4},"end":{"line":71,"column":43}},"31":{"start":{"line":80,"column":85},"end":{"line":80,"column":37632}},"32":{"start":{"line":80,"column":89},"end":{"line":80,"column":37621}}},"fnMap":{"0":{"name":"getClients","decl":{"start":{"line":1,"column":22},"end":{"line":1,"column":32}},"loc":{"start":{"line":1,"column":35},"end":{"line":14,"column":1}},"line":1},"1":{"name":"getClient","decl":{"start":{"line":16,"column":22},"end":{"line":16,"column":31}},"loc":{"start":{"line":16,"column":36},"end":{"line":29,"column":1}},"line":16},"2":{"name":"postClient","decl":{"start":{"line":31,"column":22},"end":{"line":31,"column":32}},"loc":{"start":{"line":31,"column":39},"end":{"line":45,"column":1}},"line":31},"3":{"name":"putClient","decl":{"start":{"line":47,"column":22},"end":{"line":47,"column":31}},"loc":{"start":{"line":47,"column":42},"end":{"line":60,"column":1}},"line":47},"4":{"name":"deleteClient","decl":{"start":{"line":62,"column":22},"end":{"line":62,"column":34}},"loc":{"start":{"line":62,"column":39},"end":{"line":73,"column":1}},"line":62},"5":{"name":"oo_cm","decl":{"start":{"line":80,"column":77},"end":{"line":80,"column":82}},"loc":{"start":{"line":80,"column":84},"end":{"line":80,"column":37633}},"line":80}},"branchMap":{"0":{"loc":{"start":{"line":5,"column":4},"end":{"line":8,"column":5}},"type":"if","locations":[{"start":{"line":5,"column":4},"end":{"line":8,"column":5}},{"start":{},"end":{}}],"line":5},"1":{"loc":{"start":{"line":12,"column":18},"end":{"line":12,"column":41}},"type":"binary-expr","locations":[{"start":{"line":12,"column":18},"end":{"line":12,"column":32}},{"start":{"line":12,"column":36},"end":{"line":12,"column":41}}],"line":12},"2":{"loc":{"start":{"line":20,"column":4},"end":{"line":23,"column":5}},"type":"if","locations":[{"start":{"line":20,"column":4},"end":{"line":23,"column":5}},{"start":{},"end":{}}],"line":20},"3":{"loc":{"start":{"line":27,"column":18},"end":{"line":27,"column":41}},"type":"binary-expr","locations":[{"start":{"line":27,"column":18},"end":{"line":27,"column":32}},{"start":{"line":27,"column":36},"end":{"line":27,"column":41}}],"line":27},"4":{"loc":{"start":{"line":43,"column":18},"end":{"line":43,"column":41}},"type":"binary-expr","locations":[{"start":{"line":43,"column":18},"end":{"line":43,"column":32}},{"start":{"line":43,"column":36},"end":{"line":43,"column":41}}],"line":43},"5":{"loc":{"start":{"line":58,"column":18},"end":{"line":58,"column":41}},"type":"binary-expr","locations":[{"start":{"line":58,"column":18},"end":{"line":58,"column":32}},{"start":{"line":58,"column":36},"end":{"line":58,"column":41}}],"line":58},"6":{"loc":{"start":{"line":71,"column":18},"end":{"line":71,"column":41}},"type":"binary-expr","locations":[{"start":{"line":71,"column":18},"end":{"line":71,"column":32}},{"start":{"line":71,"column":36},"end":{"line":71,"column":41}}],"line":71},"7":{"loc":{"start":{"line":80,"column":96},"end":{"line":80,"column":37620}},"type":"binary-expr","locations":[{"start":{"line":80,"column":96},"end":{"line":80,"column":133}},{"start":{"line":80,"column":137},"end":{"line":80,"column":37620}}],"line":80}},"s":{"0":1,"1":1,"2":1,"3":0,"4":0,"5":1,"6":1,"7":0,"8":1,"9":1,"10":1,"11":0,"12":0,"13":1,"14":1,"15":0,"16":1,"17":1,"18":1,"19":1,"20":0,"21":1,"22":1,"23":1,"24":0,"25":1,"26":1,"27":1,"28":1,"29":1,"30":0,"31":3,"32":3},"f":{"0":1,"1":1,"2":1,"3":1,"4":1,"5":3},"b":{"0":[0,1],"1":[0,0],"2":[0,1],"3":[0,0],"4":[0,0],"5":[0,0],"6":[0,0],"7":[3,1]},"_coverageSchema":"1a1c01bbd47fc00a2c39e90264f33305004495a9","hash":"bce68b3c05c45433b21c4a0180f6fb160fb155d6"}
}
