TN:
SF:src/api/apiClients.js
FN:1,getClients
FN:16,getClient
FN:31,postClient
FN:47,putClient
FN:62,deleteClient
FN:80,oo_cm
FNF:6
FNH:6
FNDA:1,getClients
FNDA:1,getClient
FNDA:1,postClient
FNDA:1,putClient
FNDA:1,deleteClient
FNDA:3,oo_cm
DA:2,1
DA:3,1
DA:5,1
DA:6,0
DA:7,0
DA:9,1
DA:10,1
DA:12,0
DA:17,1
DA:18,1
DA:20,1
DA:21,0
DA:22,0
DA:24,1
DA:25,1
DA:27,0
DA:32,1
DA:33,1
DA:34,1
DA:41,1
DA:43,0
DA:48,1
DA:49,1
DA:56,1
DA:58,0
DA:63,1
DA:64,1
DA:65,1
DA:68,1
DA:69,1
DA:71,0
DA:80,3
LF:32
LH:23
BRDA:5,0,0,0
BRDA:5,0,1,1
BRDA:12,1,0,0
BRDA:12,1,1,0
BRDA:20,2,0,0
BRDA:20,2,1,1
BRDA:27,3,0,0
BRDA:27,3,1,0
BRDA:43,4,0,0
BRDA:43,4,1,0
BRDA:58,5,0,0
BRDA:58,5,1,0
BRDA:71,6,0,0
BRDA:71,6,1,0
BRDA:80,7,0,3
BRDA:80,7,1,1
BRF:16
BRH:4
end_of_record
